<?xml version="1.0" encoding="UTF-8"?>
<testsuite xmlns:xsi="http://www.w3.org/2001/XMLSchema-instance" xsi:noNamespaceSchemaLocation="https://maven.apache.org/surefire/maven-surefire-plugin/xsd/surefire-test-report.xsd" name="guru.springframework.services.CategoryServiceTest" time="0.018" tests="2" errors="0" skipped="0" failures="0">
  <properties>
[...]
</properties>
  <testcase name="getAllCategories" classname="guru.springframework.services.CategoryServiceTest" time="0.018"/>
  <testcase name="getCategoryByName" classname="guru.springframework.services.CategoryServiceTest" time="0"/>
</testsuite>